2026-04-09 08:15:23 INFO    START_PROCESS     JobID=78421 User=ASCCRLFILOTH Host=server01
2026-04-09 08:15:24 INFO    FILE_RECEIVED     File=crdl01in_20260409.dat Size=24576 bytes
2026-04-09 08:15:25 INFO
2026-04-09 08:15:26 WARN    RECORD_WARNING
2026-04-09 08:15:27 INFO    VALIDATION_END    Status=SUCCESS
2026-04-09 08:15:28        TRANSFORM_START   File=crdl01in_20260409.dat
2026/04/09 08:15:29 INFO    TRANSFORM_END     File=crdl01in_20260409.dat Duration=2s
08:15:30 2026-04-09 INFO    LOAD_START        Target=DB_PROD Table=student_records
2026-04-09T08:15:31Z INFO   LOAD_START        Target=DB_PROD Table=student_records
2026-04-09 08:15:32 INFO    LOAD_START        DB_PROD student_records
2026-04-09 08:15:33 INFO    LOAD_START        Target=DB_PROD Table
2026-04-09 08:15:26 WARN    RECORD_WARNING    Line=102 Issue=Missing optional field
2026-04-09 08:15:34 ERROR   LOAD_FAILURE      RecordID= Reason=Constraint violation
2026-04-09 08:15:35 ERROR   LOAD_FAILURE      RecordID55672 ReasonConstraintViolation
2026-04-09 08:15:36 ERROR   LOAD_FAILURE      RecordID=55672 Reason=
2026-04-09 08:15:37 INFO    {"event":"LOAD_SUCCESS","record":55672}
2026-04-09 08:15:38 INFO    LOAD_SUCCESS|RecordID=55672|Status=OK
<xml><event>LOAD_SUCCESS</event><record>55672</record></xml>
2026-04-09 08:15:39 INFO    LOAD_COMPLETE     RowsProcessed=1245, RowsFailed=1
2026-04-09 08:15:40 INFO    LOAD_COMPLETE     RowsProcessed:1245 RowsFailed:1
2026-04-09 08:15:41 INFO    ARCHIVE_FILE      File= ArchivePath=/archive/20260409/
2026-04-09 08:15:42 INFO    ARCHIVE_FILE      File=crdl01in_20260409.dat ArchivePath=
ERROR LOAD_FAILURE RecordID=55672 Reason=Constraint violation 2026-04-09 08:15:43
2026-04-09 08:15:44 INFO    END_PROCESS       JobID=78421 Status=COMPLETED Duration=19s
??????? ?????? ??????
2026-04-09 08:15:45 INFO START_PROCESS JobID=78421 User=
2026-04-09 08:15:46 INFO    START_PROCESS     JobID=???? User=ASCCRLFILOTH